<?xml version="1.0" encoding="UTF-8"?>
<!-- Generated by org.testng.reporters.JUnitXMLReporter -->
<testsuite ignored="2" hostname="DESKTOP-FGBT5CD" failures="1" tests="9" name="E2EValidations" time="50.05" errors="0" timestamp="2020-08-09T19:40:12 IST">
  <testcase classname="test.application.testPages.EtoETest" name="logIn" time="0.179"/>
  <testcase classname="test.application.testPages.EtoETest" name="searchItem" time="1.0"/>
  <testcase classname="test.application.testPages.EtoETest" name="sortItem" time="5.979"/>
  <testcase classname="test.application.testPages.EtoETest" name="pinCheckAndBuy" time="5.642"/>
  <testcase classname="test.application.testPages.EtoETest" name="placeOrder" time="2.955"/>
  <testcase classname="test.application.testPages.EtoETest" name="MakePayment" time="1.608"/>
  <testcase classname="test.application.testPages.HomePageTest" name="loginTest" time="1.707"/>
  <testcase classname="test.application.testPages.HomePageTest" name="VerifyTitle" time="0.028"/>
  <testcase classname="test.application.testPages.HomePageTest" name="LogOut" time="10.059">
    <failure type="org.openqa.selenium.NoSuchElementException" message="no such element: Unable to locate element: {&amp;quot;method&amp;quot;:&amp;quot;xpath&amp;quot;,&amp;quot;selector&amp;quot;:&amp;quot;//div[.=&amp;apos;dinesh&amp;apos; and @class=&amp;quot;_2aUbKa&amp;quot;]&amp;quot;}
  (Session info: chrome=84.0.4147.105)
For documentation on this error, please visit: https://www.seleniumhq.org/exceptions/no_such_element.html
Build info: version: &amp;apos;3.141.59&amp;apos;, revision: &amp;apos;e82be7d358&amp;apos;, time: &amp;apos;2018-11-14T08:17:03&amp;apos;
System info: host: &amp;apos;DESKTOP-FGBT5CD&amp;apos;, ip: &amp;apos;192.168.0.102&amp;apos;, os.name: &amp;apos;Windows 10&amp;apos;, os.arch: &amp;apos;amd64&amp;apos;, os.version: &amp;apos;10.0&amp;apos;, java.version: &amp;apos;11.0.2&amp;apos;
Driver info: org.openqa.selenium.chrome.ChromeDriver
Capabilities {acceptInsecureCerts: false, browserName: chrome, browserVersion: 84.0.4147.105, chrome: {chromedriverVersion: 83.0.4103.39 (ccbf011cb2d2b..., userDataDir: C:\Users\Lenovo\AppData\Loc...}, goog:chromeOptions: {debuggerAddress: localhost:53744}, javascriptEnabled: true, networkConnectionEnabled: false, pageLoadStrategy: normal, platform: WINDOWS, platformName: WINDOWS, proxy: Proxy(), setWindowRect: true, strictFileInteractability: false, timeouts: {implicit: 0, pageLoad: 300000, script: 30000}, unhandledPromptBehavior: dismiss and notify, webauthn:virtualAuthenticators: true}
Session ID: b4929d319e269c894af312bcd91e8c65
*** Element info: {Using=xpath, value=//div[.=&amp;apos;dinesh&amp;apos; and @class=&amp;quot;_2aUbKa&amp;quot;]}">
      <![CDATA[org.openqa.selenium.NoSuchElementException: no such element: Unable to locate element: {"method":"xpath","selector":"//div[.='dinesh' and @class="_2aUbKa"]"}
  (Session info: chrome=84.0.4147.105)
For documentation on this error, please visit: https://www.seleniumhq.org/exceptions/no_such_element.html
Build info: version: '3.141.59', revision: 'e82be7d358', time: '2018-11-14T08:17:03'
System info: host: 'DESKTOP-FGBT5CD', ip: '192.168.0.102', os.name: 'Windows 10', os.arch: 'amd64', os.version: '10.0', java.version: '11.0.2'
Driver info: org.openqa.selenium.chrome.ChromeDriver
Capabilities {acceptInsecureCerts: false, browserName: chrome, browserVersion: 84.0.4147.105, chrome: {chromedriverVersion: 83.0.4103.39 (ccbf011cb2d2b..., userDataDir: C:\Users\Lenovo\AppData\Loc...}, goog:chromeOptions: {debuggerAddress: localhost:53744}, javascriptEnabled: true, networkConnectionEnabled: false, pageLoadStrategy: normal, platform: WINDOWS, platformName: WINDOWS, proxy: Proxy(), setWindowRect: true, strictFileInteractability: false, timeouts: {implicit: 0, pageLoad: 300000, script: 30000}, unhandledPromptBehavior: dismiss and notify, webauthn:virtualAuthenticators: true}
Session ID: b4929d319e269c894af312bcd91e8c65
*** Element info: {Using=xpath, value=//div[.='dinesh' and @class="_2aUbKa"]}
at org.openqa.selenium.remote.http.W3CHttpResponseCodec.createException(W3CHttpResponseCodec.java:187)
at org.openqa.selenium.remote.http.W3CHttpResponseCodec.decode(W3CHttpResponseCodec.java:122)
at org.openqa.selenium.remote.http.W3CHttpResponseCodec.decode(W3CHttpResponseCodec.java:49)
at org.openqa.selenium.remote.HttpCommandExecutor.execute(HttpCommandExecutor.java:158)
at org.openqa.selenium.remote.service.DriverCommandExecutor.execute(DriverCommandExecutor.java:83)
at org.openqa.selenium.remote.RemoteWebDriver.execute(RemoteWebDriver.java:552)
at org.openqa.selenium.remote.RemoteWebDriver.findElement(RemoteWebDriver.java:323)
at org.openqa.selenium.remote.RemoteWebDriver.findElementByXPath(RemoteWebDriver.java:428)
at org.openqa.selenium.By$ByXPath.findElement(By.java:353)
at org.openqa.selenium.remote.RemoteWebDriver.findElement(RemoteWebDriver.java:315)
at org.openqa.selenium.support.pagefactory.DefaultElementLocator.findElement(DefaultElementLocator.java:69)
at org.openqa.selenium.support.pagefactory.internal.LocatingElementHandler.invoke(LocatingElementHandler.java:38)
at com.sun.proxy.$Proxy29.isDisplayed(Unknown Source)
at test.application.basic.BasePage.isElementDisplayed(BasePage.java:44)
at test.application.pages.HomePage.logOut(HomePage.java:100)
at test.application.testPages.HomePageTest.LogOut(HomePageTest.java:41)
at java.base/java.util.ArrayList.forEach(ArrayList.java:1540)
... Removed 31 stack frames]]>
    </failure>
  </testcase> <!-- LogOut -->
  <testcase classname="test.application.basic.Frameworkinitializations" name="@BeforeTest utilInitializations" time="0.0">
    <ignored/>
  </testcase> <!-- @BeforeTest utilInitializations -->
  <testcase classname="test.application.basic.Frameworkinitializations" name="@AfterTest closeUtilites" time="0.0">
    <ignored/>
  </testcase> <!-- @AfterTest closeUtilites -->
</testsuite> <!-- E2EValidations -->
